<?xml version="1.0" encoding="UTF-8"?>
<!-- Generated by org.testng.reporters.JUnitReportReporter -->
<testsuite hostname="DESKTOP-9PKSBP0" failures="0" tests="4" name="TestNGHomework2.BallardDesignsTest" time="3.306" errors="0" timestamp="2025-11-07T16:19:26 CET" skipped="0">
  <testcase classname="TestNGHomework2.BallardDesignsTest" name="verifyLogoIsDisplayed" time="0.066"/>
  <testcase classname="TestNGHomework2.BallardDesignsTest" name="clickAccountButton" time="0.342"/>
  <testcase classname="TestNGHomework2.BallardDesignsTest" name="verifyMessage" time="2.080"/>
  <testcase classname="TestNGHomework2.BallardDesignsTest" name="loginToAccount" time="0.818"/>
</testsuite> <!-- TestNGHomework2.BallardDesignsTest -->
