<?xml version="1.0" encoding="UTF-8"?>
<!-- Generated by org.testng.reporters.JUnitReportReporter -->
<testsuite hostname="DESKTOP-9PKSBP0" failures="0" tests="4" name="TestNGHomework2.BallardDesignsTest" time="3.245" errors="0" timestamp="2025-11-06T13:39:29 CET" skipped="0">
  <testcase classname="TestNGHomework2.BallardDesignsTest" name="verifyLogoIsDisplayed" time="0.200"/>
  <testcase classname="TestNGHomework2.BallardDesignsTest" name="clickAccountButton" time="0.246"/>
  <testcase classname="TestNGHomework2.BallardDesignsTest" name="verifyMessage" time="2.065"/>
  <testcase classname="TestNGHomework2.BallardDesignsTest" name="loginToAccount" time="0.734"/>
</testsuite> <!-- TestNGHomework2.BallardDesignsTest -->
