<?xml version="1.0" encoding="UTF-8"?>
<!-- Generated by org.testng.reporters.JUnitXMLReporter -->
<testsuite ignored="0" hostname="DESKTOP-9PKSBP0" failures="0" tests="4" name="Default test" time="12.293" errors="0" timestamp="2025-11-06T13:39:29 CET">
  <testcase classname="TestNGHomework2.BallardDesignsTest" name="verifyLogoIsDisplayed" time="0.2"/>
  <testcase classname="TestNGHomework2.BallardDesignsTest" name="clickAccountButton" time="0.246"/>
  <testcase classname="TestNGHomework2.BallardDesignsTest" name="verifyMessage" time="2.065"/>
  <testcase classname="TestNGHomework2.BallardDesignsTest" name="loginToAccount" time="0.734"/>
</testsuite> <!-- Default test -->
