<?xml version="1.0" encoding="UTF-8"?>
<testng-results ignored="0" total="3" passed="3" failed="0" skipped="0">
  <reporter-output>
  </reporter-output>
  <suite started-at="2025-11-07T16:19:41 CET" name="Default suite" finished-at="2025-11-07T16:20:29 CET" duration-ms="48658">
    <groups>
    </groups>
    <test started-at="2025-11-07T16:19:41 CET" name="Default test" finished-at="2025-11-07T16:20:29 CET" duration-ms="48658">
      <class name="TestNG.Homework.TestWithExcel">
        <test-method is-config="true" signature="setup()[pri:0, instance:TestNG.Homework.TestWithExcel@c05fddc]" started-at="2025-11-07T16:19:41 CET" name="setup" finished-at="2025-11-07T16:19:50 CET" duration-ms="9732" status="PASS">
          <reporter-output>
          </reporter-output>
        </test-method> <!-- setup -->
        <test-method signature="loginTest(java.lang.String,java.lang.String,java.lang.String)[pri:0, instance:TestNG.Homework.TestWithExcel@c05fddc]" started-at="2025-11-07T16:19:52 CET" name="loginTest" data-provider="loginUsers" finished-at="2025-11-07T16:19:53 CET" duration-ms="1531" status="PASS">
          <params>
            <param index="0">
              <value>
                <![CDATA[nourbzour]]>
              </value>
            </param>
            <param index="1">
              <value>
                <![CDATA[]]>
              </value>
            </param>
            <param index="2">
              <value>
                <![CDATA[Fail - Error: Please enter Email Address in a valid format. Error: Please enter Current Password.]]>
              </value>
            </param>
          </params>
          <reporter-output>
          </reporter-output>
        </test-method> <!-- loginTest -->
        <test-method signature="loginTest(java.lang.String,java.lang.String,java.lang.String)[pri:0, instance:TestNG.Homework.TestWithExcel@c05fddc]" started-at="2025-11-07T16:19:53 CET" name="loginTest" data-provider="loginUsers" finished-at="2025-11-07T16:20:05 CET" duration-ms="11443" status="PASS">
          <params>
            <param index="0">
              <value>
                <![CDATA[nourbzour65@gmail.com]]>
              </value>
            </param>
            <param index="1">
              <value>
                <![CDATA[Noor123456]]>
              </value>
            </param>
            <param index="2">
              <value>
                <![CDATA[Fail - Email/Password you entered is not correct. Please try again.]]>
              </value>
            </param>
          </params>
          <reporter-output>
          </reporter-output>
        </test-method> <!-- loginTest -->
        <test-method signature="loginTest(java.lang.String,java.lang.String,java.lang.String)[pri:0, instance:TestNG.Homework.TestWithExcel@c05fddc]" started-at="2025-11-07T16:20:05 CET" name="loginTest" data-provider="loginUsers" finished-at="2025-11-07T16:20:26 CET" duration-ms="21446" status="PASS">
          <params>
            <param index="0">
              <value>
                <![CDATA[nourbzour65@gmail.com]]>
              </value>
            </param>
            <param index="1">
              <value>
                <![CDATA[Eman@1282Bzoor]]>
              </value>
            </param>
            <param index="2">
              <value>
                <![CDATA[Pass]]>
              </value>
            </param>
          </params>
          <reporter-output>
          </reporter-output>
        </test-method> <!-- loginTest -->
        <test-method is-config="true" signature="closeBrowser()[pri:0, instance:TestNG.Homework.TestWithExcel@c05fddc]" started-at="2025-11-07T16:20:26 CET" name="closeBrowser" finished-at="2025-11-07T16:20:29 CET" duration-ms="3152" status="FAIL">
          <exception class="org.openqa.selenium.WebDriverException">
            <message>
              <![CDATA[Timed out waiting for driver server to shutdown.
Build info: version: '4.37.0', revision: '3c1da1e342'
System info: os.name: 'Windows 10', os.arch: 'amd64', os.version: '10.0', java.version: '21.0.8'
Driver info: org.openqa.selenium.chrome.ChromeDriver
Command: [177b46bad05816557c75cdec9138ff25, quit {}]
Capabilities {acceptInsecureCerts: false, browserName: chrome, browserVersion: 139.0.7258.128, chrome: {chromedriverVersion: 139.0.7258.154 (9e0d6b2b47f..., userDataDir: C:\Users\nourb\AppData\Loca...}, fedcm:accounts: true, goog:chromeOptions: {debuggerAddress: localhost:56439}, networkConnectionEnabled: false, pageLoadStrategy: normal, platformName: windows, proxy: Proxy(), se:cdp: ws://localhost:56439/devtoo..., se:cdpVersion: 139.0.7258.128, setWindowRect: true, strictFileInteractability: false, timeouts: {implicit: 0, pageLoad: 300000, script: 30000}, unhandledPromptBehavior: dismiss and notify, webauthn:extension:credBlob: true, webauthn:extension:largeBlob: true, webauthn:extension:minPinLength: true, webauthn:extension:prf: true, webauthn:virtualAuthenticators: true}
Session ID: 177b46bad05816557c75cdec9138ff25]]>
            </message>
            <full-stacktrace>
              <![CDATA[org.openqa.selenium.WebDriverException: Timed out waiting for driver server to shutdown.
Build info: version: '4.37.0', revision: '3c1da1e342'
System info: os.name: 'Windows 10', os.arch: 'amd64', os.version: '10.0', java.version: '21.0.8'
Driver info: org.openqa.selenium.chrome.ChromeDriver
Command: [177b46bad05816557c75cdec9138ff25, quit {}]
Capabilities {acceptInsecureCerts: false, browserName: chrome, browserVersion: 139.0.7258.128, chrome: {chromedriverVersion: 139.0.7258.154 (9e0d6b2b47f..., userDataDir: C:\Users\nourb\AppData\Loca...}, fedcm:accounts: true, goog:chromeOptions: {debuggerAddress: localhost:56439}, networkConnectionEnabled: false, pageLoadStrategy: normal, platformName: windows, proxy: Proxy(), se:cdp: ws://localhost:56439/devtoo..., se:cdpVersion: 139.0.7258.128, setWindowRect: true, strictFileInteractability: false, timeouts: {implicit: 0, pageLoad: 300000, script: 30000}, unhandledPromptBehavior: dismiss and notify, webauthn:extension:credBlob: true, webauthn:extension:largeBlob: true, webauthn:extension:minPinLength: true, webauthn:extension:prf: true, webauthn:virtualAuthenticators: true}
Session ID: 177b46bad05816557c75cdec9138ff25
at org.openqa.selenium.remote.service.DriverService.stop(DriverService.java:317)
at org.openqa.selenium.remote.service.DriverCommandExecutor.execute(DriverCommandExecutor.java:161)
at org.openqa.selenium.remote.RemoteWebDriver.execute(RemoteWebDriver.java:557)
at org.openqa.selenium.remote.RemoteWebDriver.execute(RemoteWebDriver.java:634)
at org.openqa.selenium.remote.RemoteWebDriver.execute(RemoteWebDriver.java:638)
at org.openqa.selenium.remote.RemoteWebDriver.quit(RemoteWebDriver.java:458)
at org.openqa.selenium.chromium.ChromiumDriver.quit(ChromiumDriver.java:404)
at TestNG.Homework.TestWithExcel.closeBrowser(TestWithExcel.java:95)
at java.base/jdk.internal.reflect.DirectMethodHandleAccessor.invoke(DirectMethodHandleAccessor.java:103)
at java.base/java.lang.reflect.Method.invoke(Method.java:580)
at org.testng.internal.invokers.MethodInvocationHelper.invokeMethod(MethodInvocationHelper.java:141)
at org.testng.internal.invokers.MethodInvocationHelper.invokeMethodConsideringTimeout(MethodInvocationHelper.java:71)
at org.testng.internal.invokers.ConfigInvoker.invokeConfigurationMethod(ConfigInvoker.java:400)
at org.testng.internal.invokers.ConfigInvoker.invokeConfigurations(ConfigInvoker.java:333)
at org.testng.TestRunner.invokeTestConfigurations(TestRunner.java:657)
at org.testng.TestRunner.afterRun(TestRunner.java:845)
at org.testng.TestRunner.run(TestRunner.java:618)
at org.testng.SuiteRunner.runTest(SuiteRunner.java:421)
at org.testng.SuiteRunner.runSequentially(SuiteRunner.java:413)
at org.testng.SuiteRunner.privateRun(SuiteRunner.java:373)
at org.testng.SuiteRunner.run(SuiteRunner.java:312)
at org.testng.SuiteRunnerWorker.runSuite(SuiteRunnerWorker.java:52)
at org.testng.SuiteRunnerWorker.run(SuiteRunnerWorker.java:95)
at org.testng.TestNG.runSuitesSequentially(TestNG.java:1274)
at org.testng.TestNG.runSuitesLocally(TestNG.java:1208)
at org.testng.TestNG.runSuites(TestNG.java:1112)
at org.testng.TestNG.run(TestNG.java:1079)
at org.testng.remote.AbstractRemoteTestNG.run(AbstractRemoteTestNG.java:115)
at org.testng.remote.RemoteTestNG.initAndRun(RemoteTestNG.java:293)
at org.testng.remote.RemoteTestNG.main(RemoteTestNG.java:91)
Caused by: org.openqa.selenium.net.UrlChecker$TimeoutException: Timed out waiting for http://localhost:1348/shutdown to become unavailable after 3012 ms
at org.openqa.selenium.net.UrlChecker.waitUntilUnavailable(UrlChecker.java:151)
at org.openqa.selenium.remote.service.DriverService.stop(DriverService.java:308)
... 29 more
Caused by: java.util.concurrent.TimeoutException
at java.base/java.util.concurrent.FutureTask.get(FutureTask.java:204)
at org.openqa.selenium.net.UrlChecker.waitUntilUnavailable(UrlChecker.java:144)
... 30 more
]]>
            </full-stacktrace>
          </exception> <!-- org.openqa.selenium.WebDriverException -->
          <reporter-output>
          </reporter-output>
        </test-method> <!-- closeBrowser -->
      </class> <!-- TestNG.Homework.TestWithExcel -->
    </test> <!-- Default test -->
  </suite> <!-- Default suite -->
</testng-results>
